<?xml version="1.0" encoding="UTF-8"?>
<testsuite name="TestSuite" time="57.693" tests="2" errors="0" skipped="0" failures="2">
  <properties>
[...]
</properties>
  <testcase name="feature" classname="runners.PositiveTest" time="57.693">
    <failure message="java.lang.AssertionError: expected [Bmw 1 Series Cars Under 1000 for Sale | CarsGuide] but found [Bmw 1 Series Cars Under $1000 for Sale | CarsGuide]" type="cucumber.runtime.CucumberException">cucumber.runtime.CucumberException: java.lang.AssertionError: expected [Bmw 1 Series Cars Under 1000 for Sale | CarsGuide] but found [Bmw 1 Series Cars Under $1000 for Sale | CarsGuide]
	at cucumber.api.testng.TestNGCucumberRunner.runCucumber(TestNGCucumberRunner.java:69)
	at cucumber.api.testng.AbstractTestNGCucumberTests.feature(AbstractTestNGCucumberTests.java:21)
	at sun.reflect.NativeMethodAccessorImpl.invoke0(Native Method)
	at sun.reflect.NativeMethodAccessorImpl.invoke(NativeMethodAccessorImpl.java:62)
	at sun.reflect.DelegatingMethodAccessorImpl.invoke(DelegatingMethodAccessorImpl.java:43)
	at java.lang.reflect.Method.invoke(Method.java:498)
	at org.testng.internal.MethodInvocationHelper.invokeMethod(MethodInvocationHelper.java:86)
	at org.testng.internal.Invoker.invokeMethod(Invoker.java:643)
	at org.testng.internal.Invoker.invokeTestMethod(Invoker.java:820)
	at org.testng.internal.Invoker.invokeTestMethods(Invoker.java:1128)
	at org.testng.internal.TestMethodWorker.invokeTestMethods(TestMethodWorker.java:129)
	at org.testng.internal.TestMethodWorker.run(TestMethodWorker.java:112)
	at org.testng.TestRunner.privateRun(TestRunner.java:782)
	at org.testng.TestRunner.run(TestRunner.java:632)
	at org.testng.SuiteRunner.runTest(SuiteRunner.java:366)
	at org.testng.SuiteRunner.runSequentially(SuiteRunner.java:361)
	at org.testng.SuiteRunner.privateRun(SuiteRunner.java:319)
	at org.testng.SuiteRunner.run(SuiteRunner.java:268)
	at org.testng.SuiteRunnerWorker.runSuite(SuiteRunnerWorker.java:52)
	at org.testng.SuiteRunnerWorker.run(SuiteRunnerWorker.java:86)
	at org.testng.TestNG.runSuitesSequentially(TestNG.java:1244)
	at org.testng.TestNG.runSuitesLocally(TestNG.java:1169)
	at org.testng.TestNG.run(TestNG.java:1064)
	at org.apache.maven.surefire.testng.TestNGExecutor.run(TestNGExecutor.java:295)
	at org.apache.maven.surefire.testng.TestNGXmlTestSuite.execute(TestNGXmlTestSuite.java:84)
	at org.apache.maven.surefire.testng.TestNGProvider.invoke(TestNGProvider.java:90)
	at org.apache.maven.surefire.booter.ForkedBooter.invokeProviderInSameClassLoader(ForkedBooter.java:203)
	at org.apache.maven.surefire.booter.ForkedBooter.runSuitesInProcess(ForkedBooter.java:155)
	at org.apache.maven.surefire.booter.ForkedBooter.main(ForkedBooter.java:103)
Caused by: java.lang.AssertionError: expected [Bmw 1 Series Cars Under 1000 for Sale | CarsGuide] but found [Bmw 1 Series Cars Under $1000 for Sale | CarsGuide]
	at org.testng.Assert.fail(Assert.java:94)
	at org.testng.Assert.failNotEquals(Assert.java:513)
	at org.testng.Assert.assertEqualsImpl(Assert.java:135)
	at org.testng.Assert.assertEquals(Assert.java:116)
	at org.testng.Assert.assertEquals(Assert.java:190)
	at org.testng.Assert.assertEquals(Assert.java:200)
	at steps.SearchCarsSteps.the_page_title_should_be(SearchCarsSteps.java:90)
	at ✽.And the page title should be "Bmw 1 Series Cars Under $1000 for Sale | CarsGuide"(SearchCars.feature:20)
</failure>
    <system-out><![CDATA[@Search-Cars
Feature: Acceptance testing to validate Search Cars Page is working.
  In order to validate that 
  the Search Cars page is working
  Doing the Acceptance Testing
Before
Window ->CDwindow-(F9268DC2DBCBE89371AC89B55FC6C5B9)
https://www.carsguide.com.au
ChromeDriver: chrome on XP (d7ec75911ab5ff9bdcf715c0919da75f)
Menu-->Cars For Sale
Car Brand selected
Car List Found
Actual page title-->Bmw 1 Series Cars Under 1000 for Sale | CarsGuide
Expected page title-->Bmw 1 Series Cars Under $1000 for Sale | CarsGuide
true

  @Search-Cars-Positive
  Scenario: Validate Search Cars Page                                                 &amp#27;[90m# SearchCars.feature:8&amp#27;[0m
    &amp#27;[32mGiven &amp#27;[0m&amp#27;[32mI am on the Home Page "&amp#27;[0m&amp#27;[32m&amp#27;[1mhttps://www.carsguide.com.au&amp#27;[0m&amp#27;[32m" of CarsGuide Website&amp#27;[0m   &amp#27;[90m# SearchCarsSteps.i_am_on_the_Home_Page_of_CarsGuide_Website(String)&amp#27;[0m
    &amp#27;[32mWhen &amp#27;[0m&amp#27;[32mI move to Car For Sale Menu&amp#27;[0m                                                  &amp#27;[90m# SearchCarsSteps.i_move_to_Car_For_Sale_Menu(String>)&amp#27;[0m
    &amp#27;[32mAnd &amp#27;[0m&amp#27;[32mclick on "&amp#27;[0m&amp#27;[32m&amp#27;[1mSearch Cars&amp#27;[0m&amp#27;[32m" link&amp#27;[0m                                                   &amp#27;[90m# SearchCarsSteps.click_on_link(String)&amp#27;[0m
    &amp#27;[32mAnd &amp#27;[0m&amp#27;[32mselect carbrand as "&amp#27;[0m&amp#27;[32m&amp#27;[1mBMW&amp#27;[0m&amp#27;[32m" from AnyMake dropdown&amp#27;[0m                                &amp#27;[90m# SearchCarsSteps.select_from_dropdown(String)&amp#27;[0m
    &amp#27;[32mAnd &amp#27;[0m&amp#27;[32mselect "&amp#27;[0m&amp#27;[32m&amp#27;[1m1 SERIES&amp#27;[0m&amp#27;[32m" as car model&amp#27;[0m                                                &amp#27;[90m# SearchCarsSteps.select_car_model(String)&amp#27;[0m
    &amp#27;[32mAnd &amp#27;[0m&amp#27;[32mselect location as "&amp#27;[0m&amp#27;[32m&amp#27;[1mAustralia&amp#27;[0m&amp#27;[32m" from SelectLocation dropdown&amp#27;[0m                   &amp#27;[90m# SearchCarsSteps.select_location_from_dropdown(String)&amp#27;[0m
    &amp#27;[32mAnd &amp#27;[0m&amp#27;[32mselect "&amp#27;[0m&amp#27;[32m&amp#27;[1m$1,000&amp#27;[0m&amp#27;[32m" as price&amp#27;[0m                                                      &amp#27;[90m# SearchCarsSteps.select_price(String)&amp#27;[0m
    &amp#27;[32mAnd &amp#27;[0m&amp#27;[32mclick on Find_My_Next_Car button&amp#27;[0m                                              &amp#27;[90m# SearchCarsSteps.click_on_Button()&amp#27;[0m
    &amp#27;[32mThen &amp#27;[0m&amp#27;[32mI should see list of searched cars&amp#27;[0m                                           &amp#27;[90m# SearchCarsSteps.i_should_see_list_of_searched_cars()&amp#27;[0m
    &amp#27;[31mAnd &amp#27;[0m&amp#27;[31mthe page title should be "&amp#27;[0m&amp#27;[31m&amp#27;[1mBmw 1 Series Cars Under $1000 for Sale | CarsGuide&amp#27;[0m&amp#27;[31m"&amp#27;[0m &amp#27;[90m# SearchCarsSteps.the_page_title_should_be(String)&amp#27;[0m
      &amp#27;[31mjava.lang.AssertionError: expected [Bmw 1 Series Cars Under 1000 for Sale | CarsGuide] but found [Bmw 1 Series Cars Under $1000 for Sale | CarsGuide]
      	at org.testng.Assert.fail(Assert.java:94)
      	at org.testng.Assert.failNotEquals(Assert.java:513)
      	at org.testng.Assert.assertEqualsImpl(Assert.java:135)
      	at org.testng.Assert.assertEquals(Assert.java:116)
      	at org.testng.Assert.assertEquals(Assert.java:190)
      	at org.testng.Assert.assertEquals(Assert.java:200)
      	at steps.SearchCarsSteps.the_page_title_should_be(SearchCarsSteps.java:90)
      	at ?.And the page title should be "Bmw 1 Series Cars Under $1000 for Sale | CarsGuide"(SearchCars.feature:20)
      &amp#27;[0m
]]></system-out>
    <system-err><![CDATA[Starting ChromeDriver 2.33.506120 (e3e53437346286c0bc2d2dc9aa4915ba81d9023f) on port 45596
Only local connections are allowed.
Feb 16, 2018 1:08:55 AM org.openqa.selenium.remote.ProtocolHandshake createSession
INFO: Detected dialect: OSS
]]></system-err>
  </testcase>
  <testcase name="feature" classname="runners.PositiveTest" time="34.159">
    <failure message="java.lang.AssertionError: expected [Used Audi A4 Cars Under 1000 for Sale SA | CarsGuide] but found [Used Audi A4 Cars Under $1000 for Sale SA | CarsGuide]" type="cucumber.runtime.CucumberException">cucumber.runtime.CucumberException: java.lang.AssertionError: expected [Used Audi A4 Cars Under 1000 for Sale SA | CarsGuide] but found [Used Audi A4 Cars Under $1000 for Sale SA | CarsGuide]
	at cucumber.api.testng.TestNGCucumberRunner.runCucumber(TestNGCucumberRunner.java:69)
	at cucumber.api.testng.AbstractTestNGCucumberTests.feature(AbstractTestNGCucumberTests.java:21)
	at sun.reflect.NativeMethodAccessorImpl.invoke0(Native Method)
	at sun.reflect.NativeMethodAccessorImpl.invoke(NativeMethodAccessorImpl.java:62)
	at sun.reflect.DelegatingMethodAccessorImpl.invoke(DelegatingMethodAccessorImpl.java:43)
	at java.lang.reflect.Method.invoke(Method.java:498)
	at org.testng.internal.MethodInvocationHelper.invokeMethod(MethodInvocationHelper.java:86)
	at org.testng.internal.Invoker.invokeMethod(Invoker.java:643)
	at org.testng.internal.Invoker.invokeTestMethod(Invoker.java:820)
	at org.testng.internal.Invoker.invokeTestMethods(Invoker.java:1128)
	at org.testng.internal.TestMethodWorker.invokeTestMethods(TestMethodWorker.java:129)
	at org.testng.internal.TestMethodWorker.run(TestMethodWorker.java:112)
	at org.testng.TestRunner.privateRun(TestRunner.java:782)
	at org.testng.TestRunner.run(TestRunner.java:632)
	at org.testng.SuiteRunner.runTest(SuiteRunner.java:366)
	at org.testng.SuiteRunner.runSequentially(SuiteRunner.java:361)
	at org.testng.SuiteRunner.privateRun(SuiteRunner.java:319)
	at org.testng.SuiteRunner.run(SuiteRunner.java:268)
	at org.testng.SuiteRunnerWorker.runSuite(SuiteRunnerWorker.java:52)
	at org.testng.SuiteRunnerWorker.run(SuiteRunnerWorker.java:86)
	at org.testng.TestNG.runSuitesSequentially(TestNG.java:1244)
	at org.testng.TestNG.runSuitesLocally(TestNG.java:1169)
	at org.testng.TestNG.run(TestNG.java:1064)
	at org.apache.maven.surefire.testng.TestNGExecutor.run(TestNGExecutor.java:295)
	at org.apache.maven.surefire.testng.TestNGXmlTestSuite.execute(TestNGXmlTestSuite.java:84)
	at org.apache.maven.surefire.testng.TestNGProvider.invoke(TestNGProvider.java:90)
	at org.apache.maven.surefire.booter.ForkedBooter.invokeProviderInSameClassLoader(ForkedBooter.java:203)
	at org.apache.maven.surefire.booter.ForkedBooter.runSuitesInProcess(ForkedBooter.java:155)
	at org.apache.maven.surefire.booter.ForkedBooter.main(ForkedBooter.java:103)
Caused by: java.lang.AssertionError: expected [Used Audi A4 Cars Under 1000 for Sale SA | CarsGuide] but found [Used Audi A4 Cars Under $1000 for Sale SA | CarsGuide]
	at org.testng.Assert.fail(Assert.java:94)
	at org.testng.Assert.failNotEquals(Assert.java:513)
	at org.testng.Assert.assertEqualsImpl(Assert.java:135)
	at org.testng.Assert.assertEquals(Assert.java:116)
	at org.testng.Assert.assertEquals(Assert.java:190)
	at org.testng.Assert.assertEquals(Assert.java:200)
	at steps.UsedCarSearchSteps.the_page_title_should_match_expected_title(UsedCarSearchSteps.java:79)
	at ✽.And the page title should match expected title  "Used Audi A4 Cars Under $1000 for Sale SA | CarsGuide"(UsedCarSaleSearch.feature:26)
</failure>
    <system-out><![CDATA[@Used-Car-Search
Feature: Acceptance testing to validate Search Cars Page is working.
  In order to validate that 
  the Used Search Cars page is working
  Performing the Acceptance Testing
Before
Window ->CDwindow-(C2D6474D759FC522041303B980900CA)
https://www.carsguide.com.au
ChromeDriver: chrome on XP (13864f43aafb9f50e9e828e09dfaef05)
carModel-->A4
price-->$1,000
--->Price (max)
--->$1,000
--->$2,000
--->$2,500
--->$3,000
--->$5,000
--->$7,500
--->$10,000
--->$15,000
--->$20,000
--->$25,000
--->$30,000
--->$35,000
--->$40,000
--->$45,000
--->$50,000
--->$60,000
--->$70,000
--->$80,000
--->$90,000
--->$100,000
--->$150,000
--->$200,000
Used car list populated
Actual page title-->Used Audi A4 Cars Under 1000 for Sale SA | CarsGuide
Expected page title-->Used Audi A4 Cars Under $1000 for Sale SA | CarsGuide
true

  @Used-Car-SearchPositive
  Scenario: Validate Used  Search Cars Page                                                                 &amp#27;[90m# UsedCarSaleSearch.feature:8&amp#27;[0m
    &amp#27;[32mGiven &amp#27;[0m&amp#27;[32mI navigate to the  Home Page "&amp#27;[0m&amp#27;[32m&amp#27;[1mhttps://www.carsguide.com.au&amp#27;[0m&amp#27;[32m" of CarsGuide Website&amp#27;[0m                  &amp#27;[90m# UsedCarSearchSteps.i_navigate_to_the_Home_Page_of_CarsGuide_Website(String)&amp#27;[0m
    &amp#27;[32mWhen &amp#27;[0m&amp#27;[32mI move to Car-For-Sale Menu&amp#27;[0m                                                                        &amp#27;[90m# UsedCarSearchSteps.i_move_to_Car_For_Sale_Menu()&amp#27;[0m
    &amp#27;[32mAnd &amp#27;[0m&amp#27;[32mclick on submenu Used Cars Search link&amp#27;[0m                                                              &amp#27;[90m# UsedCarSearchSteps.click_on_submenu_Used_Cars_Search_link()&amp#27;[0m
    &amp#27;[32mAnd &amp#27;[0m&amp#27;[32mselect carMaker from AnyMake dropdown&amp#27;[0m                                                               &amp#27;[90m# UsedCarSearchSteps.select_carMaker_from_AnyMake_dropdown(String>)&amp#27;[0m
    &amp#27;[32mAnd &amp#27;[0m&amp#27;[32mselect  car model&amp#27;[0m                                                                                   &amp#27;[90m# UsedCarSearchSteps.select_car_model(String>)&amp#27;[0m
    &amp#27;[32mAnd &amp#27;[0m&amp#27;[32mselect location  from SelectLocation dropdown&amp#27;[0m                                                       &amp#27;[90m# UsedCarSearchSteps.select_location_from_SelectLocation_dropdown(String>)&amp#27;[0m
    &amp#27;[32mAnd &amp#27;[0m&amp#27;[32mselect price&amp#27;[0m                                                                                        &amp#27;[90m# UsedCarSearchSteps.select_price(String>)&amp#27;[0m
    &amp#27;[32mAnd &amp#27;[0m&amp#27;[32mclick on Find_My_Car button&amp#27;[0m                                                                         &amp#27;[90m# UsedCarSearchSteps.click_on_Find_My_Car_button()&amp#27;[0m
    &amp#27;[32mThen &amp#27;[0m&amp#27;[32mI should see list of Used cars&amp#27;[0m                                                                     &amp#27;[90m# UsedCarSearchSteps.i_should_see_list_of_Used_cars()&amp#27;[0m
    &amp#27;[31mAnd &amp#27;[0m&amp#27;[31mthe page title should match expected title  "&amp#27;[0m&amp#27;[31m&amp#27;[1mUsed Audi A4 Cars Under $1000 for Sale SA | CarsGuide&amp#27;[0m&amp#27;[31m"&amp#27;[0m &amp#27;[90m# UsedCarSearchSteps.the_page_title_should_match_expected_title(String)&amp#27;[0m
      &amp#27;[31mjava.lang.AssertionError: expected [Used Audi A4 Cars Under 1000 for Sale SA | CarsGuide] but found [Used Audi A4 Cars Under $1000 for Sale SA | CarsGuide]
      	at org.testng.Assert.fail(Assert.java:94)
      	at org.testng.Assert.failNotEquals(Assert.java:513)
      	at org.testng.Assert.assertEqualsImpl(Assert.java:135)
      	at org.testng.Assert.assertEquals(Assert.java:116)
      	at org.testng.Assert.assertEquals(Assert.java:190)
      	at org.testng.Assert.assertEquals(Assert.java:200)
      	at steps.UsedCarSearchSteps.the_page_title_should_match_expected_title(UsedCarSearchSteps.java:79)
      	at ?.And the page title should match expected title  "Used Audi A4 Cars Under $1000 for Sale SA | CarsGuide"(UsedCarSaleSearch.feature:26)
      &amp#27;[0m
]]></system-out>
    <system-err><![CDATA[Starting ChromeDriver 2.33.506120 (e3e53437346286c0bc2d2dc9aa4915ba81d9023f) on port 15415
Only local connections are allowed.
Feb 16, 2018 1:09:51 AM org.openqa.selenium.remote.ProtocolHandshake createSession
INFO: Detected dialect: OSS
]]></system-err>
  </testcase>
</testsuite>